<?xml version="1.0" encoding="UTF-8"?>
<!-- Generated by org.testng.reporters.JUnitReportReporter -->
<testsuite hostname="CBT-022" name="delta.main.DeltaDriver" tests="2" failures="0" timestamp="4 Sep 2016 10:23:34 GMT" time="37.210" errors="0">
  <testcase name="testScenarios" time="16.422" classname="delta.main.DeltaDriver"/>
  <testcase name="testScenarios" time="20.788" classname="delta.main.DeltaDriver"/>
</testsuite> <!-- delta.main.DeltaDriver -->
